# JRE version: OpenJDK Runtime Environment (8.0_212-b04) (build 1.8.0_212-release-1586-b04)
# Java VM: OpenJDK 64-Bit Server VM (25.212-b04 mixed mode windows-amd64 compressed oops)
Heap:
 PSYoungGen      total 260608K, used 223166K [0x00000000eab00000, 0x00000000fdb80000, 0x0000000100000000)
  eden space 218624K, 97% used [0x00000000eab00000,0x00000000f7aeaee8,0x00000000f8080000)
  from space 41984K, 24% used [0x00000000fb280000,0x00000000fbc84ac8,0x00000000fdb80000)
  to   space 46592K, 0% used [0x00000000f8080000,0x00000000f8080000,0x00000000fae00000)
 ParOldGen       total 183808K, used 109307K [0x00000000c0000000, 0x00000000cb380000, 0x00000000eab00000)
  object space 183808K, 59% used [0x00000000c0000000,0x00000000c6abeda8,0x00000000cb380000)
 Metaspace       used 105701K, capacity 110152K, committed 110464K, reserved 1144832K
  class space    used 13477K, capacity 14399K, committed 14464K, reserved 1048576K
GC Heap History (10 events):
Event: 1474.723 GC heap before
{Heap before GC invocations=26 (full 4):
 PSYoungGen      total 183296K, used 169251K [0x00000000eab00000, 0x00000000f8c00000, 0x0000000100000000)
  eden space 152064K, 99% used [0x00000000eab00000,0x00000000f3f79cb8,0x00000000f3f80000)
  from space 31232K, 55% used [0x00000000f3f80000,0x00000000f504f1c8,0x00000000f5e00000)
  to   space 30720K, 0% used [0x00000000f6e00000,0x00000000f6e00000,0x00000000f8c00000)
 ParOldGen       total 183808K, used 59835K [0x00000000c0000000, 0x00000000cb380000, 0x00000000eab00000)
  object space 183808K, 32% used [0x00000000c0000000,0x00000000c3a6ec00,0x00000000cb380000)
 Metaspace       used 101120K, capacity 104986K, committed 105344K, reserved 1140736K
  class space    used 12959K, capacity 13812K, committed 13952K, reserved 1048576K
Event: 1474.752 GC heap after
Heap after GC invocations=26 (full 4):
 PSYoungGen      total 199680K, used 18581K [0x00000000eab00000, 0x00000000f8e00000, 0x0000000100000000)
  eden space 168960K, 0% used [0x00000000eab00000,0x00000000eab00000,0x00000000f5000000)
  from space 30720K, 60% used [0x00000000f6e00000,0x00000000f8025520,0x00000000f8c00000)
  to   space 30720K, 0% used [0x00000000f5000000,0x00000000f5000000,0x00000000f6e00000)
 ParOldGen       total 183808K, used 59843K [0x00000000c0000000, 0x00000000cb380000, 0x00000000eab00000)
  object space 183808K, 32% used [0x00000000c0000000,0x00000000c3a70c00,0x00000000cb380000)
 Metaspace       used 101120K, capacity 104986K, committed 105344K, reserved 1140736K
  class space    used 12959K, capacity 13812K, committed 13952K, reserved 1048576K
}
Event: 1478.967 GC heap before
{Heap before GC invocations=27 (full 4):
 PSYoungGen      total 199680K, used 187541K [0x00000000eab00000, 0x00000000f8e00000, 0x0000000100000000)
  eden space 168960K, 100% used [0x00000000eab00000,0x00000000f5000000,0x00000000f5000000)
  from space 30720K, 60% used [0x00000000f6e00000,0x00000000f8025520,0x00000000f8c00000)
  to   space 30720K, 0% used [0x00000000f5000000,0x00000000f5000000,0x00000000f6e00000)
 ParOldGen       total 183808K, used 59845K [0x00000000c0000000, 0x00000000cb380000, 0x00000000eab00000)
  object space 183808K, 32% used [0x00000000c0000000,0x00000000c3a71668,0x00000000cb380000)
 Metaspace       used 103376K, capacity 107598K, committed 107904K, reserved 1142784K
  class space    used 13239K, capacity 14128K, committed 14208K, reserved 1048576K
Event: 1479.064 GC heap after
Heap after GC invocations=27 (full 4):
 PSYoungGen      total 199680K, used 30695K [0x00000000eab00000, 0x00000000fbe80000, 0x0000000100000000)
  eden space 168960K, 0% used [0x00000000eab00000,0x00000000eab00000,0x00000000f5000000)
  from space 30720K, 99% used [0x00000000f5000000,0x00000000f6df9f30,0x00000000f6e00000)
  to   space 41472K, 0% used [0x00000000f9600000,0x00000000f9600000,0x00000000fbe80000)
 ParOldGen       total 183808K, used 76552K [0x00000000c0000000, 0x00000000cb380000, 0x00000000eab00000)
  object space 183808K, 41% used [0x00000000c0000000,0x00000000c4ac2270,0x00000000cb380000)
 Metaspace       used 103376K, capacity 107598K, committed 107904K, reserved 1142784K
  class space    used 13239K, capacity 14128K, committed 14208K, reserved 1048576K
}
Event: 1480.807 GC heap before
{Heap before GC invocations=28 (full 4):
 PSYoungGen      total 199680K, used 199655K [0x00000000eab00000, 0x00000000fbe80000, 0x0000000100000000)
  eden space 168960K, 100% used [0x00000000eab00000,0x00000000f5000000,0x00000000f5000000)
  from space 30720K, 99% used [0x00000000f5000000,0x00000000f6df9f30,0x00000000f6e00000)
  to   space 41472K, 0% used [0x00000000f9600000,0x00000000f9600000,0x00000000fbe80000)
 ParOldGen       total 183808K, used 76552K [0x00000000c0000000, 0x00000000cb380000, 0x00000000eab00000)
  object space 183808K, 41% used [0x00000000c0000000,0x00000000c4ac2270,0x00000000cb380000)
 Metaspace       used 103595K, capacity 107812K, committed 107904K, reserved 1142784K
  class space    used 13240K, capacity 14129K, committed 14208K, reserved 1048576K
Event: 1480.900 GC heap after
Heap after GC invocations=28 (full 4):
 PSYoungGen      total 231936K, used 41458K [0x00000000eab00000, 0x00000000fdb00000, 0x0000000100000000)
  eden space 190464K, 0% used [0x00000000eab00000,0x00000000eab00000,0x00000000f6500000)
  from space 41472K, 99% used [0x00000000f9600000,0x00000000fbe7caf8,0x00000000fbe80000)
  to   space 50176K, 0% used [0x00000000f6500000,0x00000000f6500000,0x00000000f9600000)
 ParOldGen       total 183808K, used 83124K [0x00000000c0000000, 0x00000000cb380000, 0x00000000eab00000)
  object space 183808K, 45% used [0x00000000c0000000,0x00000000c512d360,0x00000000cb380000)
 Metaspace       used 103595K, capacity 107812K, committed 107904K, reserved 1142784K
  class space    used 13240K, capacity 14129K, committed 14208K, reserved 1048576K
}
Event: 1959.227 GC heap before
{Heap before GC invocations=29 (full 4):
 PSYoungGen      total 231936K, used 231922K [0x00000000eab00000, 0x00000000fdb00000, 0x0000000100000000)
  eden space 190464K, 100% used [0x00000000eab00000,0x00000000f6500000,0x00000000f6500000)
  from space 41472K, 99% used [0x00000000f9600000,0x00000000fbe7caf8,0x00000000fbe80000)
  to   space 50176K, 0% used [0x00000000f6500000,0x00000000f6500000,0x00000000f9600000)
 ParOldGen       total 183808K, used 83124K [0x00000000c0000000, 0x00000000cb380000, 0x00000000eab00000)
  object space 183808K, 45% used [0x00000000c0000000,0x00000000c512d360,0x00000000cb380000)
 Metaspace       used 104914K, capacity 109294K, committed 109440K, reserved 1144832K
  class space    used 13456K, capacity 14366K, committed 14464K, reserved 1048576K
Event: 1959.278 GC heap after
Heap after GC invocations=29 (full 4):
 PSYoungGen      total 240640K, used 19003K [0x00000000eab00000, 0x00000000fe100000, 0x0000000100000000)
  eden space 190464K, 0% used [0x00000000eab00000,0x00000000eab00000,0x00000000f6500000)
  from space 50176K, 37% used [0x00000000f6500000,0x00000000f778eff8,0x00000000f9600000)
  to   space 47616K, 0% used [0x00000000fb280000,0x00000000fb280000,0x00000000fe100000)
 ParOldGen       total 183808K, used 96115K [0x00000000c0000000, 0x00000000cb380000, 0x00000000eab00000)
  object space 183808K, 52% used [0x00000000c0000000,0x00000000c5ddcf40,0x00000000cb380000)
 Metaspace       used 104914K, capacity 109294K, committed 109440K, reserved 1144832K
  class space    used 13456K, capacity 14366K, committed 14464K, reserved 1048576K
}
Event: 6548.762 GC heap before
{Heap before GC invocations=30 (full 4):
 PSYoungGen      total 240640K, used 209467K [0x00000000eab00000, 0x00000000fe100000, 0x0000000100000000)
  eden space 190464K, 100% used [0x00000000eab00000,0x00000000f6500000,0x00000000f6500000)
  from space 50176K, 37% used [0x00000000f6500000,0x00000000f778eff8,0x00000000f9600000)
  to   space 47616K, 0% used [0x00000000fb280000,0x00000000fb280000,0x00000000fe100000)
 ParOldGen       total 183808K, used 96115K [0x00000000c0000000, 0x00000000cb380000, 0x00000000eab00000)
  object space 183808K, 52% used [0x00000000c0000000,0x00000000c5ddcf40,0x00000000cb380000)
 Metaspace       used 105207K, capacity 109750K, committed 109952K, reserved 1144832K
  class space    used 13476K, capacity 14398K, committed 14464K, reserved 1048576K
Event: 6553.121 GC heap after
Heap after GC invocations=30 (full 4):
 PSYoungGen      total 260608K, used 10258K [0x00000000eab00000, 0x00000000fdb80000, 0x0000000100000000)
  eden space 218624K, 0% used [0x00000000eab00000,0x00000000eab00000,0x00000000f8080000)
  from space 41984K, 24% used [0x00000000fb280000,0x00000000fbc84ac8,0x00000000fdb80000)
  to   space 46592K, 0% used [0x00000000f8080000,0x00000000f8080000,0x00000000fae00000)
 ParOldGen       total 183808K, used 109307K [0x00000000c0000000, 0x00000000cb380000, 0x00000000eab00000)
  object space 183808K, 59% used [0x00000000c0000000,0x00000000c6abeda8,0x00000000cb380000)
 Metaspace       used 105207K, capacity 109750K, committed 109952K, reserved 1144832K
  class space    used 13476K, capacity 14398K, committed 14464K, reserved 1048576K
}

